This is pdfTeX, Version 3.14159265-2.6-1.40.19 (TeX Live 2019/dev/Debian) (preloaded format=pdflatex 2019.1.29)  10 MAY 2019 08:34
entering extended mode
 restricted \write18 enabled.
 file:line:error style messages enabled.
 %&-line parsing enabled.
**/home/sebastian/repos/gummi-template-example/gummi/main.tex
(/home/sebastian/repos/gummi-template-example/gummi/main.tex
LaTeX2e <2018-04-01> patch level 5
(/usr/share/texlive/texmf-dist/tex/latex/base/article.cls
Document Class: article 2014/09/29 v1.4h Standard LaTeX document class
(/usr/share/texlive/texmf-dist/tex/latex/base/size10.clo
File: size10.clo 2014/09/29 v1.4h Standard LaTeX file (size option)
)
\c@part=\count80
\c@section=\count81
\c@subsection=\count82
\c@subsubsection=\count83
\c@paragraph=\count84
\c@subparagraph=\count85
\c@figure=\count86
\c@table=\count87
\abovecaptionskip=\skip41
\belowcaptionskip=\skip42
\bibindent=\dimen102
) (/home/sebastian/repos/gummi-template-example/gummi/main.aux)
\openout1 = `main.aux'.

LaTeX Font Info:    Checking defaults for OML/cmm/m/it on input line 3.
LaTeX Font Info:    ... okay on input line 3.
LaTeX Font Info:    Checking defaults for T1/cmr/m/n on input line 3.
LaTeX Font Info:    ... okay on input line 3.
LaTeX Font Info:    Checking defaults for OT1/cmr/m/n on input line 3.
LaTeX Font Info:    ... okay on input line 3.
LaTeX Font Info:    Checking defaults for OMS/cmsy/m/n on input line 3.
LaTeX Font Info:    ... okay on input line 3.
LaTeX Font Info:    Checking defaults for OMX/cmex/m/n on input line 3.
LaTeX Font Info:    ... okay on input line 3.
LaTeX Font Info:    Checking defaults for U/cmr/m/n on input line 3.
LaTeX Font Info:    ... okay on input line 3.
 (/home/sebastian/repos/gummi-template-example/gummi/template/test1) (/home/sebastian/repos/gummi-template-example/gummi/template/test2
Overfull \hbox (25.00092pt too wide) in paragraph at lines 1--1
[]\OT1/cmr/m/n/10 Salve 2 3 4444 5 6 7777777 88888888 999999999 1010101010101010 11111111111111
 []


Underfull \hbox (badness 10000) in paragraph at lines 1--1

 []

)

! LaTeX Error: File `template/test3.tex' not found.

Type X to quit or <RETURN> to proceed,
or enter new name. (Default extension: tex)

Enter file name: 
/home/sebastian/repos/gummi-template-example/gummi/main.tex:9: Emergency stop.
<read *> 
         
l.9 \input{template/test3}
                          ^^M
*** (cannot \read from terminal in nonstop modes)

 
Here is how much of TeX's memory you used:
 207 strings out of 492641
 2746 string characters out of 6131787
 59087 words of memory out of 5000000
 4175 multiletter control sequences out of 15000+600000
 3640 words of font info for 14 fonts, out of 8000000 for 9000
 1141 hyphenation exceptions out of 8191
 23i,0n,17p,163b,36s stack positions out of 5000i,500n,10000p,200000b,80000s
/home/sebastian/repos/gummi-template-example/gummi/main.tex:9:  ==> Fatal error occurred, no output PDF file produced!
